[07:08:57] [Client thread/ERROR]: Can't find the resource index file: assets/indexes/1.8.json
[07:08:57] [Client thread/INFO]: Setting user: Player82
[07:08:57] [Client thread/INFO]: (Session ID is token:0:Player82)
[07:09:02] [Client thread/INFO]: LWJGL Version: 2.9.2
[07:09:03] [Client thread/INFO]: Reloading ResourceManager: Default
[07:09:03] [Sound Library Loader/INFO]: Starting up SoundSystem...
[07:09:03] [Thread-6/INFO]: Initializing LWJGL OpenAL
[07:09:03] [Thread-6/INFO]: (The LWJGL binding of OpenAL.  For more information, see http://www.lwjgl.org)
[07:09:03] [Thread-6/INFO]: OpenAL initialized.
[07:09:04] [Sound Library Loader/INFO]: Sound engine started
[07:09:08] [Client thread/INFO]: Created: 512x512 textures-atlas
[07:09:11] [Client thread/WARN]: Unable to play unknown soundEvent: minecraft:gui.button.press
[07:09:13] [Server thread/INFO]: Starting integrated minecraft server version 1.8.8
[07:09:13] [Server thread/INFO]: Generating keypair
[07:09:13] [Server thread/INFO]: Preparing start region for level 0
[07:09:14] [Server thread/INFO]: Preparing spawn area: 30%
[07:09:15] [Server thread/INFO]: Preparing spawn area: 62%
[07:09:16] [Server thread/INFO]: Changing view distance to 12, from 10
[07:09:17] [Server thread/INFO]: Player82[local:E:c92a4d96] logged in with entity id 359 at (242.55088704497908, 74.0, 88.54994965826675)
[07:09:17] [Server thread/INFO]: Player82 joined the game
[07:09:21] [Client thread/WARN]: Unable to play unknown soundEvent: minecraft:music.game
[07:09:22] [Server thread/WARN]: Can't keep up! Did the system time change, or is the server overloaded? Running 4469ms behind, skipping 89 tick(s)
[07:09:25] [Server thread/INFO]: <Player82> Set goal to BlockPos{x=242, y=73, z=87}
[07:09:26] [Client thread/INFO]: [CHAT] <Player82> Set goal to BlockPos{x=242, y=73, z=87}
[07:09:26] [Client thread/WARN]: Unable to play unknown soundEvent: minecraft:step.stone
[07:09:27] [Client thread/WARN]: Unable to play unknown soundEvent: minecraft:dig.gravel
[07:09:27] [Client thread/WARN]: Unable to play unknown soundEvent: minecraft:dig.gravel
[07:09:28] [Client thread/WARN]: Unable to play unknown soundEvent: minecraft:dig.gravel
[07:09:30] [Server thread/INFO]: <Player82> Starting to search for path from BlockPos{x=242, y=77, z=88} to BlockPos{x=242, y=73, z=87}
[07:09:31] [Client thread/INFO]: [CHAT] <Player82> Starting to search for path from BlockPos{x=242, y=77, z=88} to BlockPos{x=242, y=73, z=87}
[07:09:31] [Server thread/INFO]: <Player82> Finished finding a path from BlockPos{x=242, y=77, z=88} to BlockPos{x=242, y=73, z=87}
[07:09:31] [Client thread/INFO]: [CHAT] <Player82> Finished finding a path from BlockPos{x=242, y=77, z=88} to BlockPos{x=242, y=73, z=87}
[07:09:31] [Client thread/WARN]: Unable to play unknown soundEvent: minecraft:step.gravel
[07:09:31] [Client thread/WARN]: Unable to play unknown soundEvent: minecraft:step.stone
[07:09:31] [Client thread/WARN]: Unable to play unknown soundEvent: minecraft:step.gravel
[07:09:32] [Client thread/WARN]: Unable to play unknown soundEvent: minecraft:step.gravel
[07:09:32] [Client thread/WARN]: Unable to play unknown soundEvent: minecraft:step.gravel
[07:09:32] [Client thread/WARN]: Unable to play unknown soundEvent: minecraft:dig.gravel
[07:09:32] [Client thread/WARN]: Unable to play unknown soundEvent: minecraft:step.gravel
[07:09:32] [Client thread/WARN]: Unable to play unknown soundEvent: minecraft:step.gravel
[07:09:33] [Client thread/WARN]: Unable to play unknown soundEvent: minecraft:step.gravel
[07:09:33] [Client thread/WARN]: Unable to play unknown soundEvent: minecraft:step.gravel
[07:09:33] [Client thread/WARN]: Unable to play unknown soundEvent: minecraft:dig.gravel
[07:09:33] [Client thread/WARN]: Unable to play unknown soundEvent: minecraft:random.pop
[07:09:34] [Client thread/WARN]: Unable to play unknown soundEvent: minecraft:step.gravel
[07:09:34] [Client thread/WARN]: Unable to play unknown soundEvent: minecraft:random.pop
[07:09:34] [Client thread/WARN]: Unable to play unknown soundEvent: minecraft:step.gravel
[07:09:34] [Client thread/WARN]: Unable to play unknown soundEvent: minecraft:step.gravel
[07:09:34] [Client thread/WARN]: Unable to play unknown soundEvent: minecraft:step.gravel
[07:09:35] [Client thread/WARN]: Unable to play unknown soundEvent: minecraft:step.gravel
[07:09:35] [Client thread/WARN]: Unable to play unknown soundEvent: minecraft:dig.gravel
[07:09:35] [Client thread/WARN]: Unable to play unknown soundEvent: minecraft:step.gravel
[07:09:35] [Client thread/WARN]: Unable to play unknown soundEvent: minecraft:step.gravel
[07:09:35] [Client thread/WARN]: Unable to play unknown soundEvent: minecraft:step.gravel
[07:09:36] [Client thread/WARN]: Unable to play unknown soundEvent: minecraft:step.gravel
[07:09:36] [Client thread/WARN]: Unable to play unknown soundEvent: minecraft:dig.gravel
[07:09:36] [Client thread/WARN]: Unable to play unknown soundEvent: minecraft:random.pop
[07:09:36] [Client thread/WARN]: Unable to play unknown soundEvent: minecraft:random.pop
[07:09:37] [Client thread/WARN]: Unable to play unknown soundEvent: minecraft:step.gravel
[07:09:37] [Client thread/WARN]: Unable to play unknown soundEvent: minecraft:step.gravel
[07:09:37] [Client thread/WARN]: Unable to play unknown soundEvent: minecraft:step.gravel
[07:09:37] [Client thread/WARN]: Unable to play unknown soundEvent: minecraft:step.gravel
[07:09:37] [Client thread/WARN]: Unable to play unknown soundEvent: minecraft:dig.gravel
[07:09:37] [Client thread/WARN]: Unable to play unknown soundEvent: minecraft:step.gravel
[07:09:38] [Client thread/WARN]: Unable to play unknown soundEvent: minecraft:random.pop
[07:09:38] [Server thread/INFO]: <Player82> Done
[07:09:38] [Client thread/INFO]: [CHAT] <Player82> Done
[07:09:38] [Client thread/WARN]: Unable to play unknown soundEvent: minecraft:step.stone
[07:09:39] [Server thread/WARN]: Can't keep up! Did the system time change, or is the server overloaded? Running 3194ms behind, skipping 63 tick(s)
[07:09:43] [Client thread/WARN]: Unable to play unknown soundEvent: minecraft:mob.pig.step
[07:09:44] [Client thread/WARN]: Unable to play unknown soundEvent: minecraft:mob.pig.say
[07:09:52] [Client thread/WARN]: Unable to play unknown soundEvent: minecraft:mob.pig.say
[07:09:59] [Client thread/WARN]: Unable to play unknown soundEvent: minecraft:mob.bat.takeoff
[07:10:00] [Client thread/WARN]: Unable to play unknown soundEvent: minecraft:mob.pig.say
[07:10:02] [Client thread/WARN]: Unable to play unknown soundEvent: minecraft:mob.sheep.step
[07:10:03] [Client thread/WARN]: Unable to play unknown soundEvent: minecraft:mob.sheep.step
[07:10:04] [Client thread/WARN]: Unable to play unknown soundEvent: minecraft:mob.sheep.step
[07:10:04] [Client thread/WARN]: Unable to play unknown soundEvent: minecraft:mob.sheep.say
[07:10:07] [Client thread/WARN]: Unable to play unknown soundEvent: minecraft:mob.pig.say
[07:10:14] [Client thread/WARN]: Unable to play unknown soundEvent: minecraft:mob.sheep.say
[07:10:15] [Client thread/WARN]: Unable to play unknown soundEvent: minecraft:mob.pig.say
[07:10:16] [Client thread/WARN]: Unable to play unknown soundEvent: minecraft:dig.grass
[07:10:21] [Client thread/WARN]: Unable to play unknown soundEvent: minecraft:mob.pig.step
[07:10:22] [Client thread/WARN]: Unable to play unknown soundEvent: minecraft:step.stone
[07:10:22] [Client thread/WARN]: Unable to play unknown soundEvent: minecraft:mob.sheep.say
[07:10:22] [Client thread/WARN]: Unable to play unknown soundEvent: minecraft:mob.pig.step
[07:10:23] [Client thread/WARN]: Unable to play unknown soundEvent: minecraft:step.gravel
[07:10:24] [Client thread/WARN]: Unable to play unknown soundEvent: minecraft:dig.stone
[07:10:24] [Client thread/WARN]: Unable to play unknown soundEvent: minecraft:dig.stone
[07:10:25] [Client thread/WARN]: Unable to play unknown soundEvent: minecraft:dig.stone
[07:10:25] [Client thread/WARN]: Unable to play unknown soundEvent: minecraft:dig.stone
[07:10:28] [Client thread/WARN]: Unable to play unknown soundEvent: minecraft:step.stone
[07:10:28] [Client thread/WARN]: Unable to play unknown soundEvent: minecraft:step.grass
[07:10:29] [Client thread/WARN]: Unable to play unknown soundEvent: minecraft:step.grass
[07:10:29] [Client thread/WARN]: Unable to play unknown soundEvent: minecraft:step.grass
[07:10:30] [Client thread/WARN]: Unable to play unknown soundEvent: minecraft:mob.sheep.say
[07:10:30] [Client thread/WARN]: Unable to play unknown soundEvent: minecraft:step.grass
[07:10:30] [Client thread/WARN]: Unable to play unknown soundEvent: minecraft:step.grass
[07:10:30] [Client thread/WARN]: Unable to play unknown soundEvent: minecraft:step.grass
[07:10:31] [Client thread/WARN]: Unable to play unknown soundEvent: minecraft:step.grass
[07:10:31] [Client thread/WARN]: Unable to play unknown soundEvent: minecraft:step.grass
[07:10:31] [Client thread/WARN]: Unable to play unknown soundEvent: minecraft:mob.pig.step
[07:10:31] [Client thread/WARN]: Unable to play unknown soundEvent: minecraft:step.grass
[07:10:32] [Client thread/WARN]: Unable to play unknown soundEvent: minecraft:step.grass
[07:10:32] [Client thread/WARN]: Unable to play unknown soundEvent: minecraft:step.grass
[07:10:33] [Client thread/WARN]: Unable to play unknown soundEvent: minecraft:step.grass
[07:10:33] [Client thread/WARN]: Unable to play unknown soundEvent: minecraft:step.grass
[07:10:34] [Client thread/WARN]: Unable to play unknown soundEvent: minecraft:step.grass
[07:10:34] [Client thread/WARN]: Unable to play unknown soundEvent: minecraft:dig.stone
[07:10:34] [Client thread/WARN]: Unable to play unknown soundEvent: minecraft:mob.pig.step
[07:10:35] [Client thread/WARN]: Unable to play unknown soundEvent: minecraft:step.grass
[07:10:36] [Client thread/WARN]: Unable to play unknown soundEvent: minecraft:mob.pig.say
[07:10:38] [Server thread/INFO]: <Player82> Set goal to BlockPos{x=228, y=77, z=98}
[07:10:38] [Client thread/INFO]: [CHAT] <Player82> Set goal to BlockPos{x=228, y=77, z=98}
[07:10:38] [Client thread/WARN]: Unable to play unknown soundEvent: minecraft:mob.cow.step
[07:10:38] [Client thread/WARN]: Unable to play unknown soundEvent: minecraft:step.grass
[07:10:39] [Client thread/WARN]: Unable to play unknown soundEvent: minecraft:mob.cow.step
[07:10:40] [Client thread/WARN]: Unable to play unknown soundEvent: minecraft:dig.stone
[07:10:40] [Client thread/WARN]: Unable to play unknown soundEvent: minecraft:dig.stone
[07:10:41] [Client thread/WARN]: Unable to play unknown soundEvent: minecraft:mob.pig.step
[07:10:42] [Client thread/WARN]: Unable to play unknown soundEvent: minecraft:dig.stone
[07:10:42] [Client thread/WARN]: Unable to play unknown soundEvent: minecraft:mob.pig.step
[07:10:42] [Client thread/WARN]: Unable to play unknown soundEvent: minecraft:dig.stone
[07:10:43] [Client thread/WARN]: Unable to play unknown soundEvent: minecraft:mob.pig.step
[07:10:43] [Server thread/INFO]: <Player82> Starting to search for path from BlockPos{x=226, y=82, z=98} to BlockPos{x=228, y=77, z=98}
[07:10:43] [Client thread/INFO]: [CHAT] <Player82> Starting to search for path from BlockPos{x=226, y=82, z=98} to BlockPos{x=228, y=77, z=98}
[07:10:44] [Server thread/INFO]: <Player82> Finished finding a path from BlockPos{x=226, y=82, z=98} to BlockPos{x=228, y=77, z=98}
[07:10:44] [Client thread/INFO]: [CHAT] <Player82> Finished finding a path from BlockPos{x=226, y=82, z=98} to BlockPos{x=228, y=77, z=98}
[07:10:44] [Client thread/WARN]: Unable to play unknown soundEvent: minecraft:dig.gravel
[07:10:45] [Client thread/WARN]: Unable to play unknown soundEvent: minecraft:mob.pig.step
[07:10:45] [Client thread/WARN]: Unable to play unknown soundEvent: minecraft:mob.pig.say
[07:10:45] [Client thread/WARN]: Unable to play unknown soundEvent: minecraft:dig.gravel
[07:10:46] [Client thread/WARN]: Unable to play unknown soundEvent: minecraft:mob.pig.step
[07:10:46] [Client thread/WARN]: Unable to play unknown soundEvent: minecraft:mob.cow.say
[07:10:46] [Client thread/WARN]: Unable to play unknown soundEvent: minecraft:dig.gravel
[07:10:48] [Client thread/WARN]: Unable to play unknown soundEvent: minecraft:dig.gravel
[07:10:49] [Client thread/WARN]: Unable to play unknown soundEvent: minecraft:dig.gravel
[07:10:50] [Client thread/WARN]: Unable to play unknown soundEvent: minecraft:mob.pig.step
[07:10:50] [Client thread/WARN]: Unable to play unknown soundEvent: minecraft:dig.gravel
[07:10:50] [Client thread/WARN]: Unable to play unknown soundEvent: minecraft:mob.cow.step
[07:10:51] [Client thread/WARN]: Unable to play unknown soundEvent: minecraft:mob.cow.say
[07:10:51] [Client thread/WARN]: Unable to play unknown soundEvent: minecraft:mob.pig.step
[07:10:51] [Client thread/WARN]: Unable to play unknown soundEvent: minecraft:step.grass
[07:10:51] [Client thread/WARN]: Unable to play unknown soundEvent: minecraft:step.grass
[07:10:51] [Client thread/WARN]: Unable to play unknown soundEvent: minecraft:mob.pig.say
[07:10:52] [Client thread/WARN]: Unable to play unknown soundEvent: minecraft:step.grass
[07:10:52] [Client thread/WARN]: Unable to play unknown soundEvent: minecraft:step.grass
[07:10:52] [Client thread/WARN]: Unable to play unknown soundEvent: minecraft:step.grass
[07:10:52] [Client thread/WARN]: Unable to play unknown soundEvent: minecraft:dig.grass
[07:10:53] [Client thread/WARN]: Unable to play unknown soundEvent: minecraft:step.grass
[07:10:54] [Client thread/WARN]: Unable to play unknown soundEvent: minecraft:step.grass
[07:10:54] [Client thread/WARN]: Unable to play unknown soundEvent: minecraft:dig.grass
[07:10:54] [Client thread/WARN]: Unable to play unknown soundEvent: minecraft:step.grass
[07:10:54] [Client thread/WARN]: Unable to play unknown soundEvent: minecraft:mob.cow.say
[07:10:54] [Client thread/WARN]: Unable to play unknown soundEvent: minecraft:step.grass
[07:10:54] [Client thread/WARN]: Unable to play unknown soundEvent: minecraft:dig.grass
[07:10:54] [Client thread/WARN]: Unable to play unknown soundEvent: minecraft:mob.pig.step
[07:10:55] [Client thread/WARN]: Unable to play unknown soundEvent: minecraft:step.grass
[07:10:55] [Client thread/WARN]: Unable to play unknown soundEvent: minecraft:step.grass
[07:10:55] [Client thread/WARN]: Unable to play unknown soundEvent: minecraft:step.grass
[07:10:55] [Client thread/WARN]: Unable to play unknown soundEvent: minecraft:dig.grass
[07:10:56] [Client thread/WARN]: Unable to play unknown soundEvent: minecraft:step.grass
[07:10:56] [Client thread/WARN]: Unable to play unknown soundEvent: minecraft:step.grass
[07:10:56] [Client thread/WARN]: Unable to play unknown soundEvent: minecraft:step.grass
[07:10:57] [Client thread/WARN]: Unable to play unknown soundEvent: minecraft:step.grass
[07:10:57] [Client thread/WARN]: Unable to play unknown soundEvent: minecraft:step.grass
[07:10:58] [Client thread/WARN]: Unable to play unknown soundEvent: minecraft:mob.pig.step
[07:10:58] [Client thread/WARN]: Unable to play unknown soundEvent: minecraft:step.grass
[07:10:58] [Server thread/INFO]: <Player82> Done
[07:10:58] [Client thread/INFO]: [CHAT] <Player82> Done
[07:10:58] [Client thread/WARN]: Unable to play unknown soundEvent: minecraft:mob.pig.step
[07:10:59] [Client thread/WARN]: Unable to play unknown soundEvent: minecraft:mob.pig.say
[07:10:59] [Client thread/WARN]: Unable to play unknown soundEvent: minecraft:mob.pig.say
[07:10:59] [Client thread/WARN]: Unable to play unknown soundEvent: minecraft:mob.pig.step
[07:11:00] [Client thread/WARN]: Unable to play unknown soundEvent: minecraft:mob.bat.takeoff
[07:11:00] [Client thread/WARN]: Unable to play unknown soundEvent: minecraft:mob.pig.step
[07:11:01] [Client thread/WARN]: Unable to play unknown soundEvent: minecraft:dig.grass
[07:11:01] [Client thread/WARN]: Unable to play unknown soundEvent: minecraft:mob.pig.step
[07:11:02] [Client thread/WARN]: Unable to play unknown soundEvent: minecraft:mob.pig.step
[07:11:02] [Client thread/WARN]: Unable to play unknown soundEvent: minecraft:mob.cow.say
[07:11:02] [Client thread/WARN]: Unable to play unknown soundEvent: minecraft:mob.pig.step
[07:11:02] [Client thread/WARN]: Unable to play unknown soundEvent: minecraft:step.grass
[07:11:03] [Client thread/WARN]: Unable to play unknown soundEvent: minecraft:step.grass
[07:11:03] [Client thread/WARN]: Unable to play unknown soundEvent: minecraft:mob.pig.step
[07:11:03] [Client thread/WARN]: Unable to play unknown soundEvent: minecraft:mob.cow.step
[07:11:03] [Client thread/WARN]: Unable to play unknown soundEvent: minecraft:mob.cow.step
[07:11:03] [Client thread/WARN]: Unable to play unknown soundEvent: minecraft:mob.pig.step
[07:11:04] [Client thread/WARN]: Unable to play unknown soundEvent: minecraft:step.grass
[07:11:04] [Client thread/WARN]: Unable to play unknown soundEvent: minecraft:mob.pig.step
[07:11:04] [Client thread/WARN]: Unable to play unknown soundEvent: minecraft:mob.cow.step
[07:11:05] [Client thread/WARN]: Unable to play unknown soundEvent: minecraft:mob.pig.step
[07:11:06] [Client thread/WARN]: Unable to play unknown soundEvent: minecraft:mob.pig.say
[07:11:06] [Client thread/WARN]: Unable to play unknown soundEvent: minecraft:mob.cow.step
[07:11:06] [Client thread/WARN]: Unable to play unknown soundEvent: minecraft:mob.pig.step
[07:11:06] [Client thread/WARN]: Unable to play unknown soundEvent: minecraft:dig.stone
[07:11:07] [Client thread/WARN]: Unable to play unknown soundEvent: minecraft:dig.stone
[07:11:07] [Client thread/WARN]: Unable to play unknown soundEvent: minecraft:mob.bat.takeoff
[07:11:07] [Client thread/WARN]: Unable to play unknown soundEvent: minecraft:dig.stone
[07:11:08] [Client thread/WARN]: Unable to play unknown soundEvent: minecraft:dig.stone
[07:11:08] [Client thread/WARN]: Unable to play unknown soundEvent: minecraft:mob.cow.step
[07:11:09] [Client thread/WARN]: Unable to play unknown soundEvent: minecraft:mob.cow.say
[07:11:09] [Server thread/INFO]: <Player82> Starting to search for path from BlockPos{x=226, y=81, z=95} to BlockPos{x=228, y=77, z=98}
[07:11:09] [Client thread/INFO]: [CHAT] <Player82> Starting to search for path from BlockPos{x=226, y=81, z=95} to BlockPos{x=228, y=77, z=98}
[07:11:09] [Server thread/INFO]: <Player82> Finished finding a path from BlockPos{x=226, y=81, z=95} to BlockPos{x=228, y=77, z=98}
[07:11:09] [Client thread/INFO]: [CHAT] <Player82> Finished finding a path from BlockPos{x=226, y=81, z=95} to BlockPos{x=228, y=77, z=98}
[07:11:10] [Client thread/WARN]: Unable to play unknown soundEvent: minecraft:mob.cow.step
[07:11:10] [Client thread/WARN]: Unable to play unknown soundEvent: minecraft:dig.gravel
[07:11:11] [Client thread/WARN]: Unable to play unknown soundEvent: minecraft:mob.cow.step
[07:11:11] [Server thread/INFO]: <Player82> bb pls get me some blocks. dirt or cobble
[07:11:11] [Client thread/INFO]: [CHAT] <Player82> bb pls get me some blocks. dirt or cobble
[07:11:11] [Server thread/INFO]: <Player82> bb pls get me some blocks. dirt or cobble
[07:11:11] [Client thread/INFO]: [CHAT] <Player82> bb pls get me some blocks. dirt or cobble
[07:11:11] [Server thread/INFO]: <Player82> bb pls get me some blocks. dirt or cobble
[07:11:11] [Client thread/INFO]: [CHAT] <Player82> bb pls get me some blocks. dirt or cobble
[07:11:11] [Server thread/INFO]: <Player82> bb pls get me some blocks. dirt or cobble
[07:11:11] [Server thread/INFO]: <Player82> bb pls get me some blocks. dirt or cobble
[07:11:11] [Client thread/INFO]: [CHAT] <Player82> bb pls get me some blocks. dirt or cobble
[07:11:11] [Client thread/INFO]: [CHAT] <Player82> bb pls get me some blocks. dirt or cobble
[07:11:11] [Server thread/INFO]: <Player82> bb pls get me some blocks. dirt or cobble
[07:11:11] [Client thread/INFO]: [CHAT] <Player82> bb pls get me some blocks. dirt or cobble
[07:11:11] [Server thread/INFO]: <Player82> bb pls get me some blocks. dirt or cobble
[07:11:11] [Client thread/INFO]: [CHAT] <Player82> bb pls get me some blocks. dirt or cobble
[07:11:11] [Server thread/INFO]: <Player82> bb pls get me some blocks. dirt or cobble
[07:11:11] [Client thread/INFO]: [CHAT] <Player82> bb pls get me some blocks. dirt or cobble
[07:11:11] [Server thread/INFO]: <Player82> bb pls get me some blocks. dirt or cobble
[07:11:11] [Client thread/INFO]: [CHAT] <Player82> bb pls get me some blocks. dirt or cobble
[07:11:11] [Server thread/INFO]: <Player82> bb pls get me some blocks. dirt or cobble
[07:11:11] [Client thread/INFO]: [CHAT] <Player82> bb pls get me some blocks. dirt or cobble
[07:11:12] [Server thread/INFO]: <Player82> bb pls get me some blocks. dirt or cobble
[07:11:12] [Client thread/INFO]: [CHAT] <Player82> bb pls get me some blocks. dirt or cobble
[07:11:12] [Server thread/INFO]: <Player82> bb pls get me some blocks. dirt or cobble
[07:11:12] [Client thread/INFO]: [CHAT] <Player82> bb pls get me some blocks. dirt or cobble
[07:11:12] [Server thread/INFO]: <Player82> bb pls get me some blocks. dirt or cobble
[07:11:12] [Client thread/INFO]: [CHAT] <Player82> bb pls get me some blocks. dirt or cobble
[07:11:12] [Server thread/INFO]: <Player82> bb pls get me some blocks. dirt or cobble
[07:11:12] [Client thread/INFO]: [CHAT] <Player82> bb pls get me some blocks. dirt or cobble
[07:11:12] [Server thread/INFO]: <Player82> bb pls get me some blocks. dirt or cobble
[07:11:12] [Server thread/INFO]: <Player82> bb pls get me some blocks. dirt or cobble
[07:11:12] [Client thread/INFO]: [CHAT] <Player82> bb pls get me some blocks. dirt or cobble
[07:11:12] [Client thread/INFO]: [CHAT] <Player82> bb pls get me some blocks. dirt or cobble
[07:11:12] [Server thread/INFO]: <Player82> bb pls get me some blocks. dirt or cobble
[07:11:13] [Client thread/INFO]: [CHAT] <Player82> bb pls get me some blocks. dirt or cobble
[07:11:13] [Client thread/WARN]: Unable to play unknown soundEvent: minecraft:mob.pig.step
[07:11:13] [Server thread/INFO]: <Player82> bb pls get me some blocks. dirt or cobble
[07:11:13] [Client thread/INFO]: [CHAT] <Player82> bb pls get me some blocks. dirt or cobble
[07:11:13] [Server thread/INFO]: <Player82> bb pls get me some blocks. dirt or cobble
[07:11:13] [Server thread/INFO]: <Player82> bb pls get me some blocks. dirt or cobble
[07:11:13] [Client thread/INFO]: [CHAT] <Player82> bb pls get me some blocks. dirt or cobble
[07:11:13] [Client thread/INFO]: [CHAT] <Player82> bb pls get me some blocks. dirt or cobble
[07:11:13] [Server thread/INFO]: <Player82> bb pls get me some blocks. dirt or cobble
[07:11:13] [Client thread/INFO]: [CHAT] <Player82> bb pls get me some blocks. dirt or cobble
[07:11:13] [Server thread/INFO]: <Player82> bb pls get me some blocks. dirt or cobble
[07:11:13] [Client thread/INFO]: [CHAT] <Player82> bb pls get me some blocks. dirt or cobble
[07:11:13] [Server thread/INFO]: <Player82> bb pls get me some blocks. dirt or cobble
[07:11:13] [Client thread/INFO]: [CHAT] <Player82> bb pls get me some blocks. dirt or cobble
[07:11:13] [Client thread/WARN]: Unable to play unknown soundEvent: minecraft:mob.pig.say
[07:11:13] [Server thread/INFO]: <Player82> bb pls get me some blocks. dirt or cobble
[07:11:13] [Client thread/INFO]: [CHAT] <Player82> bb pls get me some blocks. dirt or cobble
[07:11:13] [Server thread/INFO]: <Player82> bb pls get me some blocks. dirt or cobble
[07:11:13] [Server thread/INFO]: <Player82> bb pls get me some blocks. dirt or cobble
[07:11:14] [Client thread/INFO]: [CHAT] <Player82> bb pls get me some blocks. dirt or cobble
[07:11:14] [Client thread/INFO]: [CHAT] <Player82> bb pls get me some blocks. dirt or cobble
[07:11:14] [Client thread/WARN]: Unable to play unknown soundEvent: minecraft:mob.pig.step
[07:11:14] [Client thread/WARN]: Unable to play unknown soundEvent: minecraft:mob.pig.step
[07:11:14] [Server thread/INFO]: <Player82> bb pls get me some blocks. dirt or cobble
[07:11:14] [Client thread/INFO]: [CHAT] <Player82> bb pls get me some blocks. dirt or cobble
[07:11:14] [Server thread/INFO]: <Player82> bb pls get me some blocks. dirt or cobble
[07:11:14] [Client thread/INFO]: [CHAT] <Player82> bb pls get me some blocks. dirt or cobble
[07:11:14] [Client thread/WARN]: Unable to play unknown soundEvent: minecraft:mob.pig.step
[07:11:14] [Server thread/INFO]: <Player82> bb pls get me some blocks. dirt or cobble
[07:11:14] [Client thread/INFO]: [CHAT] <Player82> bb pls get me some blocks. dirt or cobble
[07:11:14] [Server thread/INFO]: <Player82> bb pls get me some blocks. dirt or cobble
[07:11:14] [Client thread/INFO]: [CHAT] <Player82> bb pls get me some blocks. dirt or cobble
[07:11:14] [Server thread/INFO]: <Player82> bb pls get me some blocks. dirt or cobble
[07:11:14] [Client thread/INFO]: [CHAT] <Player82> bb pls get me some blocks. dirt or cobble
[07:11:14] [Server thread/INFO]: <Player82> bb pls get me some blocks. dirt or cobble
[07:11:14] [Server thread/INFO]: <Player82> bb pls get me some blocks. dirt or cobble
[07:11:15] [Client thread/INFO]: [CHAT] <Player82> bb pls get me some blocks. dirt or cobble
[07:11:15] [Client thread/INFO]: [CHAT] <Player82> bb pls get me some blocks. dirt or cobble
[07:11:15] [Client thread/WARN]: Unable to play unknown soundEvent: minecraft:mob.pig.step
[07:11:15] [Server thread/INFO]: <Player82> bb pls get me some blocks. dirt or cobble
[07:11:15] [Client thread/INFO]: [CHAT] <Player82> bb pls get me some blocks. dirt or cobble
[07:11:15] [Server thread/INFO]: <Player82> bb pls get me some blocks. dirt or cobble
[07:11:15] [Client thread/INFO]: [CHAT] <Player82> bb pls get me some blocks. dirt or cobble
[07:11:15] [Client thread/WARN]: Unable to play unknown soundEvent: minecraft:mob.pig.step
[07:11:15] [Server thread/INFO]: <Player82> bb pls get me some blocks. dirt or cobble
[07:11:15] [Client thread/INFO]: [CHAT] <Player82> bb pls get me some blocks. dirt or cobble
[07:11:15] [Server thread/INFO]: <Player82> bb pls get me some blocks. dirt or cobble
[07:11:15] [Client thread/INFO]: [CHAT] <Player82> bb pls get me some blocks. dirt or cobble
[07:11:15] [Server thread/INFO]: <Player82> bb pls get me some blocks. dirt or cobble
[07:11:15] [Client thread/INFO]: [CHAT] <Player82> bb pls get me some blocks. dirt or cobble
[07:11:15] [Server thread/INFO]: <Player82> bb pls get me some blocks. dirt or cobble
[07:11:15] [Client thread/INFO]: [CHAT] <Player82> bb pls get me some blocks. dirt or cobble
[07:11:15] [Server thread/INFO]: <Player82> bb pls get me some blocks. dirt or cobble
[07:11:15] [Server thread/INFO]: <Player82> bb pls get me some blocks. dirt or cobble
[07:11:16] [Client thread/INFO]: [CHAT] <Player82> bb pls get me some blocks. dirt or cobble
[07:11:16] [Client thread/INFO]: [CHAT] <Player82> bb pls get me some blocks. dirt or cobble
[07:11:16] [Server thread/INFO]: <Player82> bb pls get me some blocks. dirt or cobble
[07:11:16] [Client thread/INFO]: [CHAT] <Player82> bb pls get me some blocks. dirt or cobble
[07:11:16] [Server thread/INFO]: <Player82> bb pls get me some blocks. dirt or cobble
[07:11:16] [Client thread/INFO]: [CHAT] <Player82> bb pls get me some blocks. dirt or cobble
[07:11:16] [Server thread/INFO]: <Player82> bb pls get me some blocks. dirt or cobble
[07:11:16] [Client thread/INFO]: [CHAT] <Player82> bb pls get me some blocks. dirt or cobble
[07:11:16] [Client thread/WARN]: Unable to play unknown soundEvent: minecraft:mob.pig.step
[07:11:16] [Server thread/INFO]: <Player82> bb pls get me some blocks. dirt or cobble
[07:11:16] [Client thread/INFO]: [CHAT] <Player82> bb pls get me some blocks. dirt or cobble
[07:11:16] [Server thread/INFO]: <Player82> bb pls get me some blocks. dirt or cobble
[07:11:16] [Client thread/INFO]: [CHAT] <Player82> bb pls get me some blocks. dirt or cobble
[07:11:16] [Server thread/INFO]: <Player82> bb pls get me some blocks. dirt or cobble
[07:11:16] [Client thread/INFO]: [CHAT] <Player82> bb pls get me some blocks. dirt or cobble
[07:11:17] [Server thread/INFO]: <Player82> bb pls get me some blocks. dirt or cobble
[07:11:17] [Server thread/INFO]: <Player82> bb pls get me some blocks. dirt or cobble
[07:11:17] [Client thread/INFO]: [CHAT] <Player82> bb pls get me some blocks. dirt or cobble
[07:11:17] [Client thread/INFO]: [CHAT] <Player82> bb pls get me some blocks. dirt or cobble
[07:11:17] [Server thread/INFO]: <Player82> bb pls get me some blocks. dirt or cobble
[07:11:17] [Client thread/INFO]: [CHAT] <Player82> bb pls get me some blocks. dirt or cobble
[07:11:17] [Server thread/INFO]: <Player82> bb pls get me some blocks. dirt or cobble
[07:11:17] [Client thread/INFO]: [CHAT] <Player82> bb pls get me some blocks. dirt or cobble
[07:11:17] [Server thread/INFO]: <Player82> bb pls get me some blocks. dirt or cobble
[07:11:17] [Client thread/INFO]: [CHAT] <Player82> bb pls get me some blocks. dirt or cobble
[07:11:17] [Client thread/WARN]: Unable to play unknown soundEvent: minecraft:mob.pig.say
[07:11:17] [Client thread/WARN]: Unable to play unknown soundEvent: minecraft:mob.pig.step
[07:11:17] [Server thread/INFO]: <Player82> bb pls get me some blocks. dirt or cobble
[07:11:17] [Server thread/INFO]: <Player82> bb pls get me some blocks. dirt or cobble
[07:11:17] [Client thread/INFO]: [CHAT] <Player82> bb pls get me some blocks. dirt or cobble
[07:11:17] [Client thread/INFO]: [CHAT] <Player82> bb pls get me some blocks. dirt or cobble
[07:11:17] [Server thread/INFO]: <Player82> bb pls get me some blocks. dirt or cobble
[07:11:17] [Client thread/INFO]: [CHAT] <Player82> bb pls get me some blocks. dirt or cobble
[07:11:18] [Server thread/INFO]: <Player82> bb pls get me some blocks. dirt or cobble
[07:11:18] [Client thread/INFO]: [CHAT] <Player82> bb pls get me some blocks. dirt or cobble
[07:11:18] [Server thread/INFO]: <Player82> bb pls get me some blocks. dirt or cobble
[07:11:18] [Client thread/INFO]: [CHAT] <Player82> bb pls get me some blocks. dirt or cobble
[07:11:18] [Client thread/WARN]: Unable to play unknown soundEvent: minecraft:mob.cow.say
[07:11:18] [Server thread/INFO]: <Player82> bb pls get me some blocks. dirt or cobble
[07:11:18] [Client thread/INFO]: [CHAT] <Player82> bb pls get me some blocks. dirt or cobble
[07:11:18] [Client thread/WARN]: Unable to play unknown soundEvent: minecraft:mob.pig.step
[07:11:18] [Server thread/INFO]: <Player82> bb pls get me some blocks. dirt or cobble
[07:11:18] [Client thread/INFO]: [CHAT] <Player82> bb pls get me some blocks. dirt or cobble
[07:11:18] [Server thread/INFO]: <Player82> bb pls get me some blocks. dirt or cobble
[07:11:18] [Server thread/INFO]: <Player82> bb pls get me some blocks. dirt or cobble
[07:11:18] [Client thread/INFO]: [CHAT] <Player82> bb pls get me some blocks. dirt or cobble
[07:11:18] [Client thread/INFO]: [CHAT] <Player82> bb pls get me some blocks. dirt or cobble
[07:11:18] [Server thread/INFO]: <Player82> bb pls get me some blocks. dirt or cobble
[07:11:18] [Client thread/INFO]: [CHAT] <Player82> bb pls get me some blocks. dirt or cobble
[07:11:18] [Server thread/INFO]: <Player82> bb pls get me some blocks. dirt or cobble
[07:11:18] [Client thread/INFO]: [CHAT] <Player82> bb pls get me some blocks. dirt or cobble
[07:11:19] [Client thread/WARN]: Unable to play unknown soundEvent: minecraft:mob.pig.step
[07:11:19] [Server thread/INFO]: <Player82> bb pls get me some blocks. dirt or cobble
[07:11:19] [Client thread/INFO]: [CHAT] <Player82> bb pls get me some blocks. dirt or cobble
[07:11:19] [Server thread/INFO]: <Player82> bb pls get me some blocks. dirt or cobble
[07:11:19] [Client thread/INFO]: [CHAT] <Player82> bb pls get me some blocks. dirt or cobble
[07:11:19] [Server thread/INFO]: <Player82> bb pls get me some blocks. dirt or cobble
[07:11:19] [Client thread/INFO]: [CHAT] <Player82> bb pls get me some blocks. dirt or cobble
[07:11:19] [Server thread/INFO]: <Player82> bb pls get me some blocks. dirt or cobble
[07:11:19] [Client thread/INFO]: [CHAT] <Player82> bb pls get me some blocks. dirt or cobble
[07:11:19] [Server thread/INFO]: <Player82> bb pls get me some blocks. dirt or cobble
[07:11:19] [Client thread/INFO]: [CHAT] <Player82> bb pls get me some blocks. dirt or cobble
[07:11:19] [Server thread/INFO]: <Player82> bb pls get me some blocks. dirt or cobble
[07:11:19] [Client thread/INFO]: [CHAT] <Player82> bb pls get me some blocks. dirt or cobble
[07:11:19] [Server thread/INFO]: <Player82> bb pls get me some blocks. dirt or cobble
[07:11:19] [Client thread/INFO]: [CHAT] <Player82> bb pls get me some blocks. dirt or cobble
[07:11:20] [Server thread/INFO]: <Player82> bb pls get me some blocks. dirt or cobble
[07:11:20] [Client thread/INFO]: [CHAT] <Player82> bb pls get me some blocks. dirt or cobble
[07:11:20] [Server thread/INFO]: <Player82> bb pls get me some blocks. dirt or cobble
[07:11:20] [Client thread/INFO]: [CHAT] <Player82> bb pls get me some blocks. dirt or cobble
[07:11:20] [Server thread/INFO]: <Player82> bb pls get me some blocks. dirt or cobble
[07:11:20] [Client thread/INFO]: [CHAT] <Player82> bb pls get me some blocks. dirt or cobble
[07:11:20] [Server thread/INFO]: <Player82> bb pls get me some blocks. dirt or cobble
[07:11:20] [Server thread/INFO]: <Player82> bb pls get me some blocks. dirt or cobble
[07:11:20] [Client thread/INFO]: [CHAT] <Player82> bb pls get me some blocks. dirt or cobble
[07:11:20] [Client thread/INFO]: [CHAT] <Player82> bb pls get me some blocks. dirt or cobble
[07:11:20] [Server thread/INFO]: <Player82> bb pls get me some blocks. dirt or cobble
[07:11:20] [Client thread/INFO]: [CHAT] <Player82> bb pls get me some blocks. dirt or cobble
[07:11:20] [Server thread/INFO]: <Player82> bb pls get me some blocks. dirt or cobble
[07:11:20] [Server thread/INFO]: <Player82> bb pls get me some blocks. dirt or cobble
[07:11:20] [Client thread/INFO]: [CHAT] <Player82> bb pls get me some blocks. dirt or cobble
[07:11:20] [Client thread/INFO]: [CHAT] <Player82> bb pls get me some blocks. dirt or cobble
[07:11:21] [Server thread/INFO]: <Player82> bb pls get me some blocks. dirt or cobble
[07:11:21] [Client thread/INFO]: [CHAT] <Player82> bb pls get me some blocks. dirt or cobble
[07:11:21] [Server thread/INFO]: <Player82> bb pls get me some blocks. dirt or cobble
[07:11:21] [Client thread/INFO]: [CHAT] <Player82> bb pls get me some blocks. dirt or cobble
[07:11:21] [Server thread/INFO]: <Player82> bb pls get me some blocks. dirt or cobble
[07:11:21] [Client thread/INFO]: [CHAT] <Player82> bb pls get me some blocks. dirt or cobble
[07:11:21] [Server thread/INFO]: <Player82> bb pls get me some blocks. dirt or cobble
[07:11:21] [Client thread/INFO]: [CHAT] <Player82> bb pls get me some blocks. dirt or cobble
[07:11:21] [Server thread/INFO]: <Player82> bb pls get me some blocks. dirt or cobble
[07:11:21] [Client thread/INFO]: [CHAT] <Player82> bb pls get me some blocks. dirt or cobble
[07:11:21] [Client thread/WARN]: Unable to play unknown soundEvent: minecraft:mob.pig.say
[07:11:21] [Server thread/INFO]: <Player82> bb pls get me some blocks. dirt or cobble
[07:11:21] [Client thread/INFO]: [CHAT] <Player82> bb pls get me some blocks. dirt or cobble
[07:11:21] [Server thread/INFO]: <Player82> bb pls get me some blocks. dirt or cobble
[07:11:21] [Client thread/INFO]: [CHAT] <Player82> bb pls get me some blocks. dirt or cobble
[07:11:21] [Server thread/INFO]: <Player82> bb pls get me some blocks. dirt or cobble
[07:11:21] [Client thread/INFO]: [CHAT] <Player82> bb pls get me some blocks. dirt or cobble
[07:11:22] [Server thread/INFO]: <Player82> bb pls get me some blocks. dirt or cobble
[07:11:22] [Server thread/INFO]: [Player82: Given [Dirt] * 64 to Player82]
[07:11:22] [Client thread/INFO]: [CHAT] <Player82> bb pls get me some blocks. dirt or cobble
[07:11:22] [Client thread/WARN]: Unable to play unknown soundEvent: minecraft:random.pop
[07:11:22] [Client thread/INFO]: [CHAT] Given [Dirt] * 64 to Player82
[07:11:22] [Client thread/WARN]: Unable to play unknown soundEvent: minecraft:dig.gravel
[07:11:23] [Client thread/WARN]: Unable to play unknown soundEvent: minecraft:step.stone
[07:11:23] [Client thread/WARN]: Unable to play unknown soundEvent: minecraft:step.gravel
[07:11:24] [Client thread/WARN]: Unable to play unknown soundEvent: minecraft:step.gravel
[07:11:24] [Client thread/WARN]: Unable to play unknown soundEvent: minecraft:step.gravel
[07:11:24] [Client thread/WARN]: Unable to play unknown soundEvent: minecraft:mob.pig.say
[07:11:25] [Client thread/WARN]: Unable to play unknown soundEvent: minecraft:mob.cow.step
[07:11:25] [Client thread/WARN]: Unable to play unknown soundEvent: minecraft:step.grass
[07:11:25] [Client thread/WARN]: Unable to play unknown soundEvent: minecraft:step.grass
[07:11:26] [Client thread/WARN]: Unable to play unknown soundEvent: minecraft:mob.cow.step
[07:11:26] [Client thread/WARN]: Unable to play unknown soundEvent: minecraft:step.grass
[07:11:26] [Client thread/WARN]: Unable to play unknown soundEvent: minecraft:step.grass
[07:11:26] [Client thread/WARN]: Unable to play unknown soundEvent: minecraft:dig.grass
[07:11:26] [Client thread/WARN]: Unable to play unknown soundEvent: minecraft:mob.cow.say
[07:11:27] [Client thread/WARN]: Unable to play unknown soundEvent: minecraft:mob.cow.step
[07:11:27] [Client thread/WARN]: Unable to play unknown soundEvent: minecraft:step.grass
[07:11:27] [Client thread/WARN]: Unable to play unknown soundEvent: minecraft:mob.cow.step
[07:11:27] [Client thread/WARN]: Unable to play unknown soundEvent: minecraft:step.grass
[07:11:28] [Client thread/WARN]: Unable to play unknown soundEvent: minecraft:mob.cow.step
[07:11:28] [Client thread/WARN]: Unable to play unknown soundEvent: minecraft:step.grass
[07:11:28] [Client thread/WARN]: Unable to play unknown soundEvent: minecraft:mob.pig.say
[07:11:28] [Client thread/WARN]: Unable to play unknown soundEvent: minecraft:step.grass
[07:11:29] [Client thread/WARN]: Unable to play unknown soundEvent: minecraft:mob.pig.say
[07:11:29] [Client thread/WARN]: Unable to play unknown soundEvent: minecraft:mob.cow.step
[07:11:29] [Client thread/WARN]: Unable to play unknown soundEvent: minecraft:step.grass
[07:11:29] [Client thread/WARN]: Unable to play unknown soundEvent: minecraft:mob.cow.say
[07:11:29] [Client thread/WARN]: Unable to play unknown soundEvent: minecraft:step.grass
[07:11:30] [Client thread/WARN]: Unable to play unknown soundEvent: minecraft:step.grass
[07:11:30] [Client thread/WARN]: Unable to play unknown soundEvent: minecraft:mob.cow.step
[07:11:30] [Client thread/WARN]: Unable to play unknown soundEvent: minecraft:step.grass
[07:11:30] [Server thread/INFO]: <Player82> Done
[07:11:30] [Client thread/INFO]: [CHAT] <Player82> Done
[07:11:32] [Client thread/WARN]: Unable to play unknown soundEvent: minecraft:mob.pig.step
[07:11:32] [Client thread/WARN]: Unable to play unknown soundEvent: minecraft:mob.pig.step
[07:11:32] [Client thread/WARN]: Unable to play unknown soundEvent: minecraft:mob.pig.step
[07:11:32] [Client thread/WARN]: Unable to play unknown soundEvent: minecraft:mob.bat.takeoff
[07:11:33] [Client thread/WARN]: Unable to play unknown soundEvent: minecraft:mob.cow.say
[07:11:33] [Client thread/WARN]: Unable to play unknown soundEvent: minecraft:mob.pig.step
[07:11:34] [Client thread/WARN]: Unable to play unknown soundEvent: minecraft:mob.pig.step
[07:11:34] [Client thread/WARN]: Unable to play unknown soundEvent: minecraft:mob.pig.step
[07:11:35] [Client thread/WARN]: Unable to play unknown soundEvent: minecraft:mob.pig.step
[07:11:36] [Client thread/WARN]: Unable to play unknown soundEvent: minecraft:mob.pig.step
[07:11:36] [Client thread/WARN]: Unable to play unknown soundEvent: minecraft:mob.cow.step
[07:11:36] [Client thread/WARN]: Unable to play unknown soundEvent: minecraft:mob.pig.say
[07:11:36] [Client thread/WARN]: Unable to play unknown soundEvent: minecraft:mob.pig.step
[07:11:37] [Client thread/WARN]: Unable to play unknown soundEvent: minecraft:mob.pig.step
[07:11:37] [Client thread/WARN]: Unable to play unknown soundEvent: minecraft:mob.cow.step
[07:11:38] [Client thread/WARN]: Unable to play unknown soundEvent: minecraft:mob.pig.step
[07:11:38] [Client thread/WARN]: Unable to play unknown soundEvent: minecraft:mob.cow.step
[07:11:39] [Client thread/WARN]: Unable to play unknown soundEvent: minecraft:mob.pig.step
[07:11:39] [Client thread/WARN]: Unable to play unknown soundEvent: minecraft:mob.cow.step
[07:11:40] [Client thread/WARN]: Unable to play unknown soundEvent: minecraft:mob.pig.step
[07:11:40] [Client thread/WARN]: Unable to play unknown soundEvent: minecraft:mob.cow.step
[07:11:41] [Client thread/WARN]: Unable to play unknown soundEvent: minecraft:mob.cow.say
[07:11:41] [Client thread/WARN]: Unable to play unknown soundEvent: minecraft:mob.pig.step
[07:11:42] [Client thread/WARN]: Unable to play unknown soundEvent: minecraft:mob.pig.step
[07:11:42] [Client thread/WARN]: Unable to play unknown soundEvent: minecraft:mob.pig.say
[07:11:43] [Client thread/WARN]: Unable to play unknown soundEvent: minecraft:mob.pig.step
[07:11:43] [Client thread/WARN]: Unable to play unknown soundEvent: minecraft:mob.cow.step
[07:11:43] [Client thread/INFO]: Stopping!
[07:11:43] [Client thread/INFO]: SoundSystem shutting down...
[07:11:44] [Server thread/INFO]: Stopping server
[07:11:44] [Server thread/INFO]: Saving players
[07:11:44] [Server thread/INFO]: Saving worlds
[07:11:44] [Server thread/INFO]: Saving chunks for level 'New World'/Overworld
[07:11:44] [Server thread/INFO]: Saving chunks for level 'New World'/Nether
[07:11:44] [Server thread/INFO]: Saving chunks for level 'New World'/The End
[07:11:44] [Client thread/WARN]: Author: Paul Lamb, www.paulscode.com
