13:58:58 - "scalac" is not found on the PATH.  Scala files will not be recompiled
14:03:42 - !! Missing server jar file. Aborting !!
20:14:57 - "scalac" is not found on the PATH.  Scala files will not be recompiled
19:55:42 - "scalac" is not found on the PATH.  Scala files will not be recompiled
19:56:10 - '"javac" -Xlint:-options -deprecation -g -source 1.6 -target 1.6 -classpath "jars/versions/1.8.8/1.8.8.jar:lib:lib/*:jars/libraries/net/java/jinput/jinput/2.0.5/jinput-2.0.5.jar:jars/libraries/org/lwjgl/lwjgl/lwjgl-platform/2.9.2-nightly-20140822/lwjgl-platform-2.9.2-nightly-20140822-natives-osx.jar:jars/libraries/com/ibm/icu/icu4j-core-mojang/51.2/icu4j-core-mojang-51.2.jar:jars/libraries/org/apache/httpcomponents/httpcore/4.3.2/httpcore-4.3.2.jar:jars/libraries/org/apache/logging/log4j/log4j-api/2.0-beta9/log4j-api-2.0-beta9.jar:jars/libraries/org/apache/commons/commons-lang3/3.3.2/commons-lang3-3.3.2.jar:jars/libraries/net/java/jutils/jutils/1.0.0/jutils-1.0.0.jar:jars/libraries/net/java/dev/jna/jna/3.4.0/jna-3.4.0.jar:jars/libraries/com/paulscode/libraryjavasound/20101123/libraryjavasound-20101123.jar:jars/libraries/net/sf/jopt-simple/jopt-simple/4.6/jopt-simple-4.6.jar:jars/libraries/com/google/guava/guava/17.0/guava-17.0.jar:jars/libraries/oshi-project/oshi-core/1.1/oshi-core-1.1.jar:jars/libraries/commons-logging/commons-logging/1.1.3/commons-logging-1.1.3.jar:jars/libraries/org/apache/commons/commons-compress/1.8.1/commons-compress-1.8.1.jar:jars/libraries/net/java/dev/jna/platform/3.4.0/platform-3.4.0.jar:jars/libraries/com/paulscode/codecjorbis/20101023/codecjorbis-20101023.jar:jars/libraries/com/paulscode/soundsystem/20120107/soundsystem-20120107.jar:jars/libraries/com/paulscode/librarylwjglopenal/20100824/librarylwjglopenal-20100824.jar:jars/libraries/org/lwjgl/lwjgl/lwjgl_util/2.9.2-nightly-20140822/lwjgl_util-2.9.2-nightly-20140822.jar:jars/libraries/commons-codec/commons-codec/1.9/commons-codec-1.9.jar:jars/libraries/org/apache/httpcomponents/httpclient/4.3.3/httpclient-4.3.3.jar:jars/libraries/org/lwjgl/lwjgl/lwjgl/2.9.2-nightly-20140822/lwjgl-2.9.2-nightly-20140822.jar:jars/libraries/commons-io/commons-io/2.4/commons-io-2.4.jar:jars/libraries/com/mojang/realms/1.7.39/realms-1.7.39.jar:jars/libraries/com/mojang/authlib/1.5.21/authlib-1.5.21.jar:jars/libraries/com/google/code/gson/gson/2.2.4/gson-2.2.4.jar:jars/libraries/tv/twitch/twitch/6.5/twitch-6.5.jar:jars/libraries/com/paulscode/codecwav/20101023/codecwav-20101023.jar:jars/libraries/tv/twitch/twitch-platform/6.5/twitch-platform-6.5-natives-osx.jar:jars/libraries/net/java/jinput/jinput-platform/2.0.5/jinput-platform-2.0.5-natives-osx.jar:jars/libraries/org/apache/logging/log4j/log4j-core/2.0-beta9/log4j-core-2.0-beta9.jar:jars/libraries/io/netty/netty-all/4.0.23.Final/netty-all-4.0.23.Final.jar" -sourcepath src/minecraft -d bin/minecraft @temp/java_src_client.txt' failed : 1
19:56:10 - 
19:56:10 - == ERRORS FOUND in JAVA CODE ==
19:56:10 - 
19:56:10 - src/minecraft/net/minecraft/client/Minecraft.java:38: error: package minebot does not exist
19:56:10 - import minebot.MineBot;
19:56:10 -               ^
19:56:10 - 
19:56:10 - src/minecraft/net/minecraft/client/gui/GuiScreen.java:18: error: package minebot does not exist
19:56:10 - import minebot.MineBot;
19:56:10 -               ^
19:56:10 - 
19:56:10 - src/minecraft/net/minecraft/util/MovementInputFromOptions.java:3: error: package minebot does not exist
19:56:10 - import minebot.MineBot;
19:56:10 -               ^
19:56:10 - 
19:56:10 - src/minecraft/net/minecraft/client/Minecraft.java:1362: error: cannot find symbol
19:56:10 -         MineBot.onTick();
19:56:10 -         ^
19:56:10 - 
19:56:10 -   symbol:   variable MineBot
19:56:10 -   location: class Minecraft
19:56:10 - src/minecraft/net/minecraft/client/Minecraft.java:1569: error: cannot find symbol
19:56:10 -                 while (this.gameSettings.keyBindAttack.isPressed() || MineBot.isPressed()) {
19:56:10 -                                                                       ^
19:56:10 - 
19:56:10 -   symbol:   variable MineBot
19:56:10 -   location: class Minecraft
19:56:10 - src/minecraft/net/minecraft/client/Minecraft.java:1579: error: cannot find symbol
19:56:10 -                 while (this.gameSettings.keyBindAttack.isPressed() || MineBot.isPressed()) {
19:56:10 -                                                                       ^
19:56:10 - 
19:56:10 -   symbol:   variable MineBot
19:56:10 -   location: class Minecraft
19:56:10 - src/minecraft/net/minecraft/client/Minecraft.java:1592: error: cannot find symbol
19:56:10 -             this.sendClickBlockToController(this.currentScreen == null && (this.gameSettings.keyBindAttack.isKeyDown() || MineBot.getIsPressed()) && this.inGameHasFocus);
19:56:10 -                                                                                                                           ^
19:56:10 - 
19:56:10 -   symbol:   variable MineBot
19:56:10 -   location: class Minecraft
19:56:10 - src/minecraft/net/minecraft/client/gui/GuiScreen.java:351: error: cannot find symbol
19:56:10 -         String nm = MineBot.therewasachatmessage(msg);
19:56:10 -                     ^
19:56:10 - 
19:56:10 -   symbol:   variable MineBot
19:56:10 -   location: class GuiScreen
19:56:10 - src/minecraft/net/minecraft/util/MovementInputFromOptions.java:14: error: cannot find symbol
19:56:10 -         if (this.gameSettings.keyBindForward.isKeyDown() || MineBot.forward) {
19:56:10 -                                                             ^
19:56:10 - 
19:56:10 -   symbol:   variable MineBot
19:56:10 -   location: class MovementInputFromOptions
19:56:10 - src/minecraft/net/minecraft/util/MovementInputFromOptions.java:17: error: cannot find symbol
19:56:10 -         if (this.gameSettings.keyBindBack.isKeyDown() || MineBot.backward) {
19:56:10 -                                                          ^
19:56:10 - 
19:56:10 -   symbol:   variable MineBot
19:56:10 -   location: class MovementInputFromOptions
19:56:10 - src/minecraft/net/minecraft/util/MovementInputFromOptions.java:20: error: cannot find symbol
19:56:10 -         if (this.gameSettings.keyBindLeft.isKeyDown() || MineBot.left) {
19:56:10 -                                                          ^
19:56:10 - 
19:56:10 -   symbol:   variable MineBot
19:56:10 -   location: class MovementInputFromOptions
19:56:10 - src/minecraft/net/minecraft/util/MovementInputFromOptions.java:23: error: cannot find symbol
19:56:10 -         if (this.gameSettings.keyBindRight.isKeyDown() || MineBot.right) {
19:56:10 -                                                           ^
19:56:10 - 
19:56:10 -   symbol:   variable MineBot
19:56:10 -   location: class MovementInputFromOptions
19:56:10 - src/minecraft/net/minecraft/util/MovementInputFromOptions.java:26: error: cannot find symbol
19:56:10 -         this.jump = this.gameSettings.keyBindJump.isKeyDown() || MineBot.jumping;
19:56:10 -                                                                  ^
19:56:10 - 
19:56:10 -   symbol:   variable MineBot
19:56:10 -   location: class MovementInputFromOptions
19:56:10 - src/minecraft/net/minecraft/util/MovementInputFromOptions.java:27: error: cannot find symbol
19:56:10 -         this.sneak = this.gameSettings.keyBindSneak.isKeyDown() || MineBot.sneak;
19:56:10 -                                                                    ^
19:56:10 - 
19:56:10 -   symbol:   variable MineBot
19:56:10 -   location: class MovementInputFromOptions
19:56:10 - 14 errors
19:56:10 - ==================
19:56:10 - 
19:56:10 - !! Can not find server sources, try decompiling !!
